# JRE version: OpenJDK Runtime Environment Temurin-17.0.7+7 (17.0.7+7) (build 17.0.7+7)
# Java VM: OpenJDK 64-Bit Server VM Temurin-17.0.7+7 (17.0.7+7, mixed mode, sharing, tiered, compressed oops, compressed class ptrs, g1 gc, windows-amd64)
GC Precious Log:
 CPUs: 16 total, 16 available
 Memory: 15588M
 Large Page Support: Disabled
 NUMA Support: Disabled
 Compressed Oops: Enabled (Zero based)
 Heap Region Size: 2M
 Heap Min Capacity: 512M
 Heap Initial Capacity: 512M
 Heap Max Capacity: 4072M
 Pre-touch: Disabled
 Parallel Workers: 13
 Concurrent Workers: 3
 Concurrent Refinement Workers: 13
 Periodic GC: Disabled
 String Deduplication is enabled
Heap:
 garbage-first heap   total 524288K, used 185214K [0x0000000701800000, 0x0000000800000000)
  region size 2048K, 36 young (73728K), 4 survivors (8192K)
 Metaspace       used 94760K, committed 95552K, reserved 1179648K
  class space    used 12777K, committed 13184K, reserved 1048576K
GC Heap History (20 events):
Event: 3031.275 GC heap before
{Heap before GC invocations=291 (full 76):
 garbage-first heap   total 524288K, used 117794K [0x0000000701800000, 0x0000000800000000)
  region size 2048K, 5 young (10240K), 0 survivors (0K)
 Metaspace       used 89672K, committed 90432K, reserved 1179648K
  class space    used 11887K, committed 12288K, reserved 1048576K
}
Event: 3031.317 GC heap after
{Heap after GC invocations=292 (full 77):
 garbage-first heap   total 524288K, used 109230K [0x0000000701800000, 0x0000000800000000)
  region size 2048K, 0 young (0K), 0 survivors (0K)
 Metaspace       used 89672K, committed 90432K, reserved 1179648K
  class space    used 11887K, committed 12288K, reserved 1048576K
}
Event: 3038.346 GC heap before
{Heap before GC invocations=292 (full 77):
 garbage-first heap   total 524288K, used 148142K [0x0000000701800000, 0x0000000800000000)
  region size 2048K, 20 young (40960K), 0 survivors (0K)
 Metaspace       used 89688K, committed 90432K, reserved 1179648K
  class space    used 11887K, committed 12288K, reserved 1048576K
}
Event: 3038.388 GC heap after
{Heap after GC invocations=293 (full 78):
 garbage-first heap   total 524288K, used 109344K [0x0000000701800000, 0x0000000800000000)
  region size 2048K, 0 young (0K), 0 survivors (0K)
 Metaspace       used 89688K, committed 90432K, reserved 1179648K
  class space    used 11887K, committed 12288K, reserved 1048576K
}
Event: 3043.547 GC heap before
{Heap before GC invocations=293 (full 78):
 garbage-first heap   total 524288K, used 191264K [0x0000000701800000, 0x0000000800000000)
  region size 2048K, 40 young (81920K), 0 survivors (0K)
 Metaspace       used 89741K, committed 90496K, reserved 1179648K
  class space    used 11887K, committed 12288K, reserved 1048576K
}
Event: 3043.548 GC heap after
{Heap after GC invocations=294 (full 78):
 garbage-first heap   total 524288K, used 109532K [0x0000000701800000, 0x0000000800000000)
  region size 2048K, 1 young (2048K), 1 survivors (2048K)
 Metaspace       used 89741K, committed 90496K, reserved 1179648K
  class space    used 11887K, committed 12288K, reserved 1048576K
}
Event: 3047.350 GC heap before
{Heap before GC invocations=294 (full 78):
 garbage-first heap   total 524288K, used 187356K [0x0000000701800000, 0x0000000800000000)
  region size 2048K, 40 young (81920K), 1 survivors (2048K)
 Metaspace       used 92671K, committed 93504K, reserved 1179648K
  class space    used 12473K, committed 12864K, reserved 1048576K
}
Event: 3047.352 GC heap after
{Heap after GC invocations=295 (full 78):
 garbage-first heap   total 524288K, used 114926K [0x0000000701800000, 0x0000000800000000)
  region size 2048K, 3 young (6144K), 3 survivors (6144K)
 Metaspace       used 92671K, committed 93504K, reserved 1179648K
  class space    used 12473K, committed 12864K, reserved 1048576K
}
Event: 3071.675 GC heap before
{Heap before GC invocations=295 (full 78):
 garbage-first heap   total 524288K, used 188654K [0x0000000701800000, 0x0000000800000000)
  region size 2048K, 40 young (81920K), 3 survivors (6144K)
 Metaspace       used 93874K, committed 94592K, reserved 1179648K
  class space    used 12669K, committed 13056K, reserved 1048576K
}
Event: 3071.678 GC heap after
{Heap after GC invocations=296 (full 78):
 garbage-first heap   total 524288K, used 118736K [0x0000000701800000, 0x0000000800000000)
  region size 2048K, 3 young (6144K), 3 survivors (6144K)
 Metaspace       used 93874K, committed 94592K, reserved 1179648K
  class space    used 12669K, committed 13056K, reserved 1048576K
}
Event: 3074.051 GC heap before
{Heap before GC invocations=296 (full 78):
 garbage-first heap   total 524288K, used 194512K [0x0000000701800000, 0x0000000800000000)
  region size 2048K, 40 young (81920K), 3 survivors (6144K)
 Metaspace       used 94431K, committed 95168K, reserved 1179648K
  class space    used 12741K, committed 13120K, reserved 1048576K
}
Event: 3074.055 GC heap after
{Heap after GC invocations=297 (full 78):
 garbage-first heap   total 524288K, used 117584K [0x0000000701800000, 0x0000000800000000)
  region size 2048K, 2 young (4096K), 2 survivors (4096K)
 Metaspace       used 94431K, committed 95168K, reserved 1179648K
  class space    used 12741K, committed 13120K, reserved 1048576K
}
Event: 3077.069 GC heap before
{Heap before GC invocations=297 (full 78):
 garbage-first heap   total 524288K, used 195408K [0x0000000701800000, 0x0000000800000000)
  region size 2048K, 40 young (81920K), 2 survivors (4096K)
 Metaspace       used 94481K, committed 95296K, reserved 1179648K
  class space    used 12742K, committed 13120K, reserved 1048576K
}
Event: 3077.071 GC heap after
{Heap after GC invocations=298 (full 78):
 garbage-first heap   total 524288K, used 117939K [0x0000000701800000, 0x0000000800000000)
  region size 2048K, 2 young (4096K), 2 survivors (4096K)
 Metaspace       used 94481K, committed 95296K, reserved 1179648K
  class space    used 12742K, committed 13120K, reserved 1048576K
}
Event: 3079.381 GC heap before
{Heap before GC invocations=298 (full 78):
 garbage-first heap   total 524288K, used 195763K [0x0000000701800000, 0x0000000800000000)
  region size 2048K, 40 young (81920K), 2 survivors (4096K)
 Metaspace       used 94492K, committed 95296K, reserved 1179648K
  class space    used 12742K, committed 13120K, reserved 1048576K
}
Event: 3079.384 GC heap after
{Heap after GC invocations=299 (full 78):
 garbage-first heap   total 524288K, used 118759K [0x0000000701800000, 0x0000000800000000)
  region size 2048K, 3 young (6144K), 3 survivors (6144K)
 Metaspace       used 94492K, committed 95296K, reserved 1179648K
  class space    used 12742K, committed 13120K, reserved 1048576K
}
Event: 3086.368 GC heap before
{Heap before GC invocations=299 (full 78):
 garbage-first heap   total 524288K, used 194535K [0x0000000701800000, 0x0000000800000000)
  region size 2048K, 40 young (81920K), 3 survivors (6144K)
 Metaspace       used 94628K, committed 95488K, reserved 1179648K
  class space    used 12777K, committed 13184K, reserved 1048576K
}
Event: 3086.371 GC heap after
{Heap after GC invocations=300 (full 78):
 garbage-first heap   total 524288K, used 118656K [0x0000000701800000, 0x0000000800000000)
  region size 2048K, 3 young (6144K), 3 survivors (6144K)
 Metaspace       used 94628K, committed 95488K, reserved 1179648K
  class space    used 12777K, committed 13184K, reserved 1048576K
}
Event: 3090.545 GC heap before
{Heap before GC invocations=300 (full 78):
 garbage-first heap   total 524288K, used 194432K [0x0000000701800000, 0x0000000800000000)
  region size 2048K, 40 young (81920K), 3 survivors (6144K)
 Metaspace       used 94737K, committed 95552K, reserved 1179648K
  class space    used 12777K, committed 13184K, reserved 1048576K
}
Event: 3090.547 GC heap after
{Heap after GC invocations=301 (full 78):
 garbage-first heap   total 524288K, used 121726K [0x0000000701800000, 0x0000000800000000)
  region size 2048K, 4 young (8192K), 4 survivors (8192K)
 Metaspace       used 94737K, committed 95552K, reserved 1179648K
  class space    used 12777K, committed 13184K, reserved 1048576K
}

