# JRE version: OpenJDK Runtime Environment Temurin-17.0.7+7 (17.0.7+7) (build 17.0.7+7)
# Java VM: OpenJDK 64-Bit Server VM Temurin-17.0.7+7 (17.0.7+7, mixed mode, sharing, tiered, compressed oops, compressed class ptrs, g1 gc, windows-amd64)
GC Precious Log:
 CPUs: 16 total, 16 available
 Memory: 15588M
 Large Page Support: Disabled
 NUMA Support: Disabled
 Compressed Oops: Enabled (Zero based)
 Heap Region Size: 2M
 Heap Min Capacity: 512M
 Heap Initial Capacity: 512M
 Heap Max Capacity: 4072M
 Pre-touch: Disabled
 Parallel Workers: 13
 Concurrent Workers: 3
 Concurrent Refinement Workers: 13
 Periodic GC: Disabled
 String Deduplication is enabled
Heap:
 garbage-first heap   total 524288K, used 104184K [0x0000000701800000, 0x0000000800000000)
  region size 2048K, 4 young (8192K), 1 survivors (2048K)
 Metaspace       used 93844K, committed 95232K, reserved 1179648K
  class space    used 12570K, committed 13184K, reserved 1048576K
GC Heap History (20 events):
Event: 6860.485 GC heap before
{Heap before GC invocations=259 (full 65):
 garbage-first heap   total 524288K, used 180519K [0x0000000701800000, 0x0000000800000000)
  region size 2048K, 40 young (81920K), 0 survivors (0K)
 Metaspace       used 93789K, committed 95168K, reserved 1179648K
  class space    used 12570K, committed 13184K, reserved 1048576K
}
Event: 6860.489 GC heap after
{Heap after GC invocations=260 (full 65):
 garbage-first heap   total 524288K, used 100033K [0x0000000701800000, 0x0000000800000000)
  region size 2048K, 1 young (2048K), 1 survivors (2048K)
 Metaspace       used 93789K, committed 95168K, reserved 1179648K
  class space    used 12570K, committed 13184K, reserved 1048576K
}
Event: 6883.270 GC heap before
{Heap before GC invocations=260 (full 65):
 garbage-first heap   total 524288K, used 179905K [0x0000000701800000, 0x0000000800000000)
  region size 2048K, 40 young (81920K), 1 survivors (2048K)
 Metaspace       used 93790K, committed 95168K, reserved 1179648K
  class space    used 12570K, committed 13184K, reserved 1048576K
}
Event: 6883.274 GC heap after
{Heap after GC invocations=261 (full 65):
 garbage-first heap   total 524288K, used 99316K [0x0000000701800000, 0x0000000800000000)
  region size 2048K, 1 young (2048K), 1 survivors (2048K)
 Metaspace       used 93790K, committed 95168K, reserved 1179648K
  class space    used 12570K, committed 13184K, reserved 1048576K
}
Event: 6893.814 GC heap before
{Heap before GC invocations=261 (full 65):
 garbage-first heap   total 524288K, used 179188K [0x0000000701800000, 0x0000000800000000)
  region size 2048K, 40 young (81920K), 1 survivors (2048K)
 Metaspace       used 93790K, committed 95168K, reserved 1179648K
  class space    used 12570K, committed 13184K, reserved 1048576K
}
Event: 6893.817 GC heap after
{Heap after GC invocations=262 (full 65):
 garbage-first heap   total 524288K, used 99189K [0x0000000701800000, 0x0000000800000000)
  region size 2048K, 1 young (2048K), 1 survivors (2048K)
 Metaspace       used 93790K, committed 95168K, reserved 1179648K
  class space    used 12570K, committed 13184K, reserved 1048576K
}
Event: 6901.422 GC heap before
{Heap before GC invocations=262 (full 65):
 garbage-first heap   total 524288K, used 179061K [0x0000000701800000, 0x0000000800000000)
  region size 2048K, 40 young (81920K), 1 survivors (2048K)
 Metaspace       used 93793K, committed 95168K, reserved 1179648K
  class space    used 12570K, committed 13184K, reserved 1048576K
}
Event: 6901.427 GC heap after
{Heap after GC invocations=263 (full 65):
 garbage-first heap   total 524288K, used 99348K [0x0000000701800000, 0x0000000800000000)
  region size 2048K, 1 young (2048K), 1 survivors (2048K)
 Metaspace       used 93793K, committed 95168K, reserved 1179648K
  class space    used 12570K, committed 13184K, reserved 1048576K
}
Event: 6915.228 GC heap before
{Heap before GC invocations=263 (full 65):
 garbage-first heap   total 524288K, used 179220K [0x0000000701800000, 0x0000000800000000)
  region size 2048K, 40 young (81920K), 1 survivors (2048K)
 Metaspace       used 93823K, committed 95232K, reserved 1179648K
  class space    used 12570K, committed 13184K, reserved 1048576K
}
Event: 6915.232 GC heap after
{Heap after GC invocations=264 (full 65):
 garbage-first heap   total 524288K, used 99782K [0x0000000701800000, 0x0000000800000000)
  region size 2048K, 1 young (2048K), 1 survivors (2048K)
 Metaspace       used 93823K, committed 95232K, reserved 1179648K
  class space    used 12570K, committed 13184K, reserved 1048576K
}
Event: 6928.595 GC heap before
{Heap before GC invocations=264 (full 65):
 garbage-first heap   total 524288K, used 179654K [0x0000000701800000, 0x0000000800000000)
  region size 2048K, 40 young (81920K), 1 survivors (2048K)
 Metaspace       used 93824K, committed 95232K, reserved 1179648K
  class space    used 12570K, committed 13184K, reserved 1048576K
}
Event: 6928.600 GC heap after
{Heap after GC invocations=265 (full 65):
 garbage-first heap   total 524288K, used 99615K [0x0000000701800000, 0x0000000800000000)
  region size 2048K, 1 young (2048K), 1 survivors (2048K)
 Metaspace       used 93824K, committed 95232K, reserved 1179648K
  class space    used 12570K, committed 13184K, reserved 1048576K
}
Event: 6934.201 GC heap before
{Heap before GC invocations=265 (full 65):
 garbage-first heap   total 524288K, used 179487K [0x0000000701800000, 0x0000000800000000)
  region size 2048K, 40 young (81920K), 1 survivors (2048K)
 Metaspace       used 93837K, committed 95232K, reserved 1179648K
  class space    used 12570K, committed 13184K, reserved 1048576K
}
Event: 6934.204 GC heap after
{Heap after GC invocations=266 (full 65):
 garbage-first heap   total 524288K, used 99705K [0x0000000701800000, 0x0000000800000000)
  region size 2048K, 1 young (2048K), 1 survivors (2048K)
 Metaspace       used 93837K, committed 95232K, reserved 1179648K
  class space    used 12570K, committed 13184K, reserved 1048576K
}
Event: 6972.670 GC heap before
{Heap before GC invocations=266 (full 65):
 garbage-first heap   total 524288K, used 179577K [0x0000000701800000, 0x0000000800000000)
  region size 2048K, 40 young (81920K), 1 survivors (2048K)
 Metaspace       used 93841K, committed 95232K, reserved 1179648K
  class space    used 12570K, committed 13184K, reserved 1048576K
}
Event: 6972.672 GC heap after
{Heap after GC invocations=267 (full 65):
 garbage-first heap   total 524288K, used 99875K [0x0000000701800000, 0x0000000800000000)
  region size 2048K, 1 young (2048K), 1 survivors (2048K)
 Metaspace       used 93841K, committed 95232K, reserved 1179648K
  class space    used 12570K, committed 13184K, reserved 1048576K
}
Event: 7033.512 GC heap before
{Heap before GC invocations=267 (full 65):
 garbage-first heap   total 524288K, used 179747K [0x0000000701800000, 0x0000000800000000)
  region size 2048K, 40 young (81920K), 1 survivors (2048K)
 Metaspace       used 93841K, committed 95232K, reserved 1179648K
  class space    used 12570K, committed 13184K, reserved 1048576K
}
Event: 7033.516 GC heap after
{Heap after GC invocations=268 (full 65):
 garbage-first heap   total 524288K, used 100100K [0x0000000701800000, 0x0000000800000000)
  region size 2048K, 1 young (2048K), 1 survivors (2048K)
 Metaspace       used 93841K, committed 95232K, reserved 1179648K
  class space    used 12570K, committed 13184K, reserved 1048576K
}
Event: 7054.196 GC heap before
{Heap before GC invocations=268 (full 65):
 garbage-first heap   total 524288K, used 179972K [0x0000000701800000, 0x0000000800000000)
  region size 2048K, 40 young (81920K), 1 survivors (2048K)
 Metaspace       used 93844K, committed 95232K, reserved 1179648K
  class space    used 12570K, committed 13184K, reserved 1048576K
}
Event: 7054.198 GC heap after
{Heap after GC invocations=269 (full 65):
 garbage-first heap   total 524288K, used 100088K [0x0000000701800000, 0x0000000800000000)
  region size 2048K, 1 young (2048K), 1 survivors (2048K)
 Metaspace       used 93844K, committed 95232K, reserved 1179648K
  class space    used 12570K, committed 13184K, reserved 1048576K
}

