# JRE version: OpenJDK Runtime Environment Temurin-17.0.7+7 (17.0.7+7) (build 17.0.7+7)
# Java VM: OpenJDK 64-Bit Server VM Temurin-17.0.7+7 (17.0.7+7, mixed mode, sharing, tiered, compressed oops, compressed class ptrs, g1 gc, windows-amd64)
GC Precious Log:
 CPUs: 16 total, 16 available
 Memory: 15588M
 Large Page Support: Disabled
 NUMA Support: Disabled
 Compressed Oops: Enabled (Zero based)
 Heap Region Size: 2M
 Heap Min Capacity: 512M
 Heap Initial Capacity: 512M
 Heap Max Capacity: 4072M
 Pre-touch: Disabled
 Parallel Workers: 13
 Concurrent Workers: 3
 Concurrent Refinement Workers: 13
 Periodic GC: Disabled
 String Deduplication is enabled
Heap:
 garbage-first heap   total 524288K, used 123747K [0x0000000701800000, 0x0000000800000000)
  region size 2048K, 14 young (28672K), 2 survivors (4096K)
 Metaspace       used 82035K, committed 82624K, reserved 1179648K
  class space    used 11335K, committed 11648K, reserved 1048576K
GC Heap History (20 events):
Event: 1409.762 GC heap before
{Heap before GC invocations=74 (full 1):
 garbage-first heap   total 524288K, used 178839K [0x0000000701800000, 0x0000000800000000)
  region size 2048K, 40 young (81920K), 1 survivors (2048K)
 Metaspace       used 81785K, committed 82432K, reserved 1179648K
  class space    used 11335K, committed 11648K, reserved 1048576K
}
Event: 1409.763 GC heap after
{Heap after GC invocations=75 (full 1):
 garbage-first heap   total 524288K, used 99023K [0x0000000701800000, 0x0000000800000000)
  region size 2048K, 1 young (2048K), 1 survivors (2048K)
 Metaspace       used 81785K, committed 82432K, reserved 1179648K
  class space    used 11335K, committed 11648K, reserved 1048576K
}
Event: 1413.981 GC heap before
{Heap before GC invocations=75 (full 1):
 garbage-first heap   total 524288K, used 178895K [0x0000000701800000, 0x0000000800000000)
  region size 2048K, 40 young (81920K), 1 survivors (2048K)
 Metaspace       used 81797K, committed 82432K, reserved 1179648K
  class space    used 11335K, committed 11648K, reserved 1048576K
}
Event: 1413.983 GC heap after
{Heap after GC invocations=76 (full 1):
 garbage-first heap   total 524288K, used 98991K [0x0000000701800000, 0x0000000800000000)
  region size 2048K, 1 young (2048K), 1 survivors (2048K)
 Metaspace       used 81797K, committed 82432K, reserved 1179648K
  class space    used 11335K, committed 11648K, reserved 1048576K
}
Event: 1425.016 GC heap before
{Heap before GC invocations=76 (full 1):
 garbage-first heap   total 524288K, used 178863K [0x0000000701800000, 0x0000000800000000)
  region size 2048K, 40 young (81920K), 1 survivors (2048K)
 Metaspace       used 81835K, committed 82496K, reserved 1179648K
  class space    used 11335K, committed 11648K, reserved 1048576K
}
Event: 1425.018 GC heap after
{Heap after GC invocations=77 (full 1):
 garbage-first heap   total 524288K, used 98892K [0x0000000701800000, 0x0000000800000000)
  region size 2048K, 1 young (2048K), 1 survivors (2048K)
 Metaspace       used 81835K, committed 82496K, reserved 1179648K
  class space    used 11335K, committed 11648K, reserved 1048576K
}
Event: 1439.521 GC heap before
{Heap before GC invocations=77 (full 1):
 garbage-first heap   total 524288K, used 178764K [0x0000000701800000, 0x0000000800000000)
  region size 2048K, 40 young (81920K), 1 survivors (2048K)
 Metaspace       used 81838K, committed 82496K, reserved 1179648K
  class space    used 11335K, committed 11648K, reserved 1048576K
}
Event: 1439.523 GC heap after
{Heap after GC invocations=78 (full 1):
 garbage-first heap   total 524288K, used 99111K [0x0000000701800000, 0x0000000800000000)
  region size 2048K, 1 young (2048K), 1 survivors (2048K)
 Metaspace       used 81838K, committed 82496K, reserved 1179648K
  class space    used 11335K, committed 11648K, reserved 1048576K
}
Event: 1493.921 GC heap before
{Heap before GC invocations=78 (full 1):
 garbage-first heap   total 524288K, used 178983K [0x0000000701800000, 0x0000000800000000)
  region size 2048K, 40 young (81920K), 1 survivors (2048K)
 Metaspace       used 81845K, committed 82496K, reserved 1179648K
  class space    used 11335K, committed 11648K, reserved 1048576K
}
Event: 1493.923 GC heap after
{Heap after GC invocations=79 (full 1):
 garbage-first heap   total 524288K, used 99138K [0x0000000701800000, 0x0000000800000000)
  region size 2048K, 1 young (2048K), 1 survivors (2048K)
 Metaspace       used 81845K, committed 82496K, reserved 1179648K
  class space    used 11335K, committed 11648K, reserved 1048576K
}
Event: 1517.444 GC heap before
{Heap before GC invocations=79 (full 1):
 garbage-first heap   total 524288K, used 179010K [0x0000000701800000, 0x0000000800000000)
  region size 2048K, 40 young (81920K), 1 survivors (2048K)
 Metaspace       used 81846K, committed 82496K, reserved 1179648K
  class space    used 11335K, committed 11648K, reserved 1048576K
}
Event: 1517.446 GC heap after
{Heap after GC invocations=80 (full 1):
 garbage-first heap   total 524288K, used 99021K [0x0000000701800000, 0x0000000800000000)
  region size 2048K, 1 young (2048K), 1 survivors (2048K)
 Metaspace       used 81846K, committed 82496K, reserved 1179648K
  class space    used 11335K, committed 11648K, reserved 1048576K
}
Event: 1520.493 GC heap before
{Heap before GC invocations=80 (full 1):
 garbage-first heap   total 524288K, used 178893K [0x0000000701800000, 0x0000000800000000)
  region size 2048K, 40 young (81920K), 1 survivors (2048K)
 Metaspace       used 81846K, committed 82496K, reserved 1179648K
  class space    used 11335K, committed 11648K, reserved 1048576K
}
Event: 1520.495 GC heap after
{Heap after GC invocations=81 (full 1):
 garbage-first heap   total 524288K, used 98942K [0x0000000701800000, 0x0000000800000000)
  region size 2048K, 1 young (2048K), 1 survivors (2048K)
 Metaspace       used 81846K, committed 82496K, reserved 1179648K
  class space    used 11335K, committed 11648K, reserved 1048576K
}
Event: 1564.852 GC heap before
{Heap before GC invocations=81 (full 1):
 garbage-first heap   total 524288K, used 178814K [0x0000000701800000, 0x0000000800000000)
  region size 2048K, 40 young (81920K), 1 survivors (2048K)
 Metaspace       used 81849K, committed 82496K, reserved 1179648K
  class space    used 11335K, committed 11648K, reserved 1048576K
}
Event: 1564.854 GC heap after
{Heap after GC invocations=82 (full 1):
 garbage-first heap   total 524288K, used 99089K [0x0000000701800000, 0x0000000800000000)
  region size 2048K, 1 young (2048K), 1 survivors (2048K)
 Metaspace       used 81849K, committed 82496K, reserved 1179648K
  class space    used 11335K, committed 11648K, reserved 1048576K
}
Event: 1601.033 GC heap before
{Heap before GC invocations=82 (full 1):
 garbage-first heap   total 524288K, used 178961K [0x0000000701800000, 0x0000000800000000)
  region size 2048K, 40 young (81920K), 1 survivors (2048K)
 Metaspace       used 81864K, committed 82496K, reserved 1179648K
  class space    used 11335K, committed 11648K, reserved 1048576K
}
Event: 1601.035 GC heap after
{Heap after GC invocations=83 (full 1):
 garbage-first heap   total 524288K, used 99073K [0x0000000701800000, 0x0000000800000000)
  region size 2048K, 1 young (2048K), 1 survivors (2048K)
 Metaspace       used 81864K, committed 82496K, reserved 1179648K
  class space    used 11335K, committed 11648K, reserved 1048576K
}
Event: 1622.822 GC heap before
{Heap before GC invocations=83 (full 1):
 garbage-first heap   total 524288K, used 178945K [0x0000000701800000, 0x0000000800000000)
  region size 2048K, 40 young (81920K), 1 survivors (2048K)
 Metaspace       used 82033K, committed 82624K, reserved 1179648K
  class space    used 11335K, committed 11648K, reserved 1048576K
}
Event: 1622.824 GC heap after
{Heap after GC invocations=84 (full 1):
 garbage-first heap   total 524288K, used 101219K [0x0000000701800000, 0x0000000800000000)
  region size 2048K, 2 young (4096K), 2 survivors (4096K)
 Metaspace       used 82033K, committed 82624K, reserved 1179648K
  class space    used 11335K, committed 11648K, reserved 1048576K
}

